B
RUNNING FIT WITH RANGE: 2960 ' 3100
***************************************************
RUNNING FIT WITH RANGE: 2960 ' 3100
***************************************************
 
 
 
Fitting toy 0
-------------------------------------
Mode is U
 +------------------------------------------------------+
 |                                                      |
 | BAT version 1.0.0                                    |
 | Copyright (C) 2007-2018, the BAT core developer team |
 | All rights reserved.                                 |
 |                                                      |
 | For the licensing terms see doc/COPYING              |
 | For documentation see http://mpp.mpg.de/bat          |
 | Please cite: DOI 10.1016/j.cpc.2009.06.026           |
 |              http://arxiv.org/abs/0808.2552          |
 |                                                      |
 +------------------------------------------------------+

                      
Fit with BAT best fit value
****************************************
parameter b 5.75061e-05
 
Fit took : 636 ms
 
Mode is U
                      
Fit with BAT best fit value
****************************************
parameter b 5.75049e-05
parameter T_{1/2}^{-1} 1.11022e-42
 
Fit took : 792 ms
 
 
 
 
Fitting toy 100
-------------------------------------
Mode is U
                      
Fit with BAT best fit value
****************************************
parameter b 4.99395e-05
 
Fit took : 2061 ms
 
Mode is U
                      
Fit with BAT best fit value
****************************************
parameter b 4.7664e-05
parameter T_{1/2}^{-1} 1.9935e-28
 
Fit took : 2655 ms
 
 
 
 
Fitting toy 200
-------------------------------------
Mode is U
                      
Fit with BAT best fit value
****************************************
parameter b 3.78329e-05
 
Fit took : 985 ms
 
Mode is U
                      
Fit with BAT best fit value
****************************************
parameter b 3.78325e-05
parameter T_{1/2}^{-1} 5.55112e-42
 
Fit took : 1683 ms
 
 
 
 
Fitting toy 300
-------------------------------------
Mode is U
                      
Fit with BAT best fit value
****************************************
parameter b 4.53995e-05
 
Fit took : 1228 ms
 
Mode is U
                      
Fit with BAT best fit value
****************************************
parameter b 4.53991e-05
parameter T_{1/2}^{-1} 7.77156e-42
 
Fit took : 1375 ms
 
 
 
 
Fitting toy 400
-------------------------------------
Mode is U
                      
Fit with BAT best fit value
****************************************
parameter b 4.23729e-05
 
Fit took : 1162 ms
 
Mode is U
                      
Fit with BAT best fit value
****************************************
parameter b 4.01161e-05
parameter T_{1/2}^{-1} 1.97724e-28
 
Fit took : 1427 ms
 
 
 
 
Fitting toy 500
-------------------------------------
Mode is U
                      
Fit with BAT best fit value
****************************************
parameter b 6.05327e-05
 
Fit took : 1305 ms
 
Mode is U
                      
Fit with BAT best fit value
****************************************
parameter b 5.95269e-05
parameter T_{1/2}^{-1} 8.82703e-29
 
Fit took : 1713 ms
 
 
 
 
Fitting toy 600
-------------------------------------
Mode is U
                      
Fit with BAT best fit value
****************************************
parameter b 5.44794e-05
 
Fit took : 1355 ms
 
Mode is U
                      
Fit with BAT best fit value
****************************************
parameter b 5.44798e-05
parameter T_{1/2}^{-1} 4.50844e-36
 
Fit took : 1412 ms
 
 
 
 
Fitting toy 700
-------------------------------------
Mode is U
                      
Fit with BAT best fit value
****************************************
parameter b 4.69128e-05
 
Fit took : 1107 ms
 
Mode is U
                      
Fit with BAT best fit value
****************************************
parameter b 4.69131e-05
parameter T_{1/2}^{-1} 5.52201e-35
 
Fit took : 1050 ms
 
 
 
 
Fitting toy 800
-------------------------------------
Mode is U
                      
Fit with BAT best fit value
****************************************
parameter b 4.69128e-05
 
Fit took : 1391 ms
 
Mode is U
                      
Fit with BAT best fit value
****************************************
parameter b 4.40983e-05
parameter T_{1/2}^{-1} 2.46547e-28
 
Fit took : 1602 ms
 
 
 
 
Fitting toy 900
-------------------------------------
Mode is U
                      
Fit with BAT best fit value
****************************************
parameter b 2.11864e-05
 
Fit took : 571 ms
 
Mode is U
                      
Fit with BAT best fit value
****************************************
parameter b 2.11858e-05
parameter T_{1/2}^{-1} 9.38694e-40
 
Fit took : 739 ms
 
 
 
 
Fitting toy 1000
-------------------------------------
Mode is U
                      
Fit with BAT best fit value
****************************************
parameter b 3.63196e-05
 
Fit took : 791 ms
 
Mode is U
                      
Fit with BAT best fit value
****************************************
parameter b 3.63194e-05
parameter T_{1/2}^{-1} 2.77556e-42
 
Fit took : 1112 ms
 
 
 
 
Fitting toy 1100
-------------------------------------
Mode is U
                      
Fit with BAT best fit value
****************************************
parameter b 3.78329e-05
 
Fit took : 1057 ms
 
Mode is U
                      
Fit with BAT best fit value
****************************************
parameter b 3.78304e-05
parameter T_{1/2}^{-1} 5.79427e-36
 
Fit took : 1247 ms
 
 
 
 
Fitting toy 1200
-------------------------------------
Mode is U
                      
Fit with BAT best fit value
****************************************
parameter b 3.02663e-05
 
Fit took : 583 ms
 
Mode is U
                      
Fit with BAT best fit value
****************************************
parameter b 3.02651e-05
parameter T_{1/2}^{-1} 2.72266e-35
 
Fit took : 945 ms
 
 
 
 
Fitting toy 1300
-------------------------------------
Mode is U
                      
Fit with BAT best fit value
****************************************
parameter b 3.63196e-05
 
Fit took : 1083 ms
 
Mode is U
                      
Fit with BAT best fit value
****************************************
parameter b 3.63189e-05
parameter T_{1/2}^{-1} 0
 
Fit took : 1255 ms
 
 
 
 
Fitting toy 1400
-------------------------------------
Mode is U
                      
Fit with BAT best fit value
****************************************
parameter b 3.63196e-05
 
Fit took : 884 ms
 
Mode is U
                      
Fit with BAT best fit value
****************************************
parameter b 3.63187e-05
parameter T_{1/2}^{-1} 8.29337e-40
 
Fit took : 1067 ms
 
 
 
 
Fitting toy 1500
-------------------------------------
Mode is U
                      
Fit with BAT best fit value
****************************************
parameter b 4.23729e-05
 
Fit took : 698 ms
 
Mode is U
                      
Fit with BAT best fit value
****************************************
parameter b 4.2373e-05
parameter T_{1/2}^{-1} 5.37348e-40
 
Fit took : 1215 ms
 
 
 
 
Fitting toy 1600
-------------------------------------
Mode is U
                      
Fit with BAT best fit value
****************************************
parameter b 5.29661e-05
 
Fit took : 1103 ms
 
Mode is U
                      
Fit with BAT best fit value
****************************************
parameter b 5.29661e-05
parameter T_{1/2}^{-1} 5.55112e-43
 
Fit took : 1555 ms
 
 
 
 
Fitting toy 1700
-------------------------------------
Mode is U
                      
Fit with BAT best fit value
****************************************
parameter b 2.72397e-05
 
Fit took : 859 ms
 
Mode is U
                      
Fit with BAT best fit value
****************************************
parameter b 2.72368e-05
parameter T_{1/2}^{-1} 4.03231e-36
 
Fit took : 944 ms
 
 
 
 
Fitting toy 1800
-------------------------------------
Mode is U
                      
Fit with BAT best fit value
****************************************
parameter b 4.38862e-05
 
Fit took : 1109 ms
 
Mode is U
                      
Fit with BAT best fit value
****************************************
parameter b 4.25011e-05
parameter T_{1/2}^{-1} 1.21186e-28
 
Fit took : 1155 ms
 
 
 
 
Fitting toy 1900
-------------------------------------
Mode is U
                      
Fit with BAT best fit value
****************************************
parameter b 3.78329e-05
 
Fit took : 754 ms
 
Mode is U
                      
Fit with BAT best fit value
****************************************
parameter b 3.68575e-05
parameter T_{1/2}^{-1} 8.56402e-29
 
Fit took : 983 ms
 
 
 
 
Fitting toy 2000
-------------------------------------
Mode is U
                      
Fit with BAT best fit value
****************************************
parameter b 5.29661e-05
 
Fit took : 996 ms
 
Mode is U
                      
Fit with BAT best fit value
****************************************
parameter b 5.29656e-05
parameter T_{1/2}^{-1} 5.10814e-39
 
Fit took : 1174 ms
 
 
 
 
Fitting toy 2100
-------------------------------------
Mode is U
                      
Fit with BAT best fit value
****************************************
parameter b 4.69128e-05
 
Fit took : 1217 ms
 
Mode is U
                      
Fit with BAT best fit value
****************************************
parameter b 4.69119e-05
parameter T_{1/2}^{-1} 4.43146e-39
 
Fit took : 1139 ms
 
 
 
 
Fitting toy 2200
-------------------------------------
Mode is U
                      
Fit with BAT best fit value
****************************************
parameter b 6.2046e-05
 
Fit took : 1350 ms
 
Mode is U
                      
Fit with BAT best fit value
****************************************
parameter b 6.20452e-05
parameter T_{1/2}^{-1} 3.21965e-41
 
Fit took : 1488 ms
 
 
 
 
Fitting toy 2300
-------------------------------------
Mode is U
                      
Fit with BAT best fit value
****************************************
parameter b 4.08596e-05
 
Fit took : 711 ms
 
Mode is U
                      
Fit with BAT best fit value
****************************************
parameter b 4.08596e-05
parameter T_{1/2}^{-1} 2.22045e-42
 
Fit took : 1337 ms
 
 
 
 
Fitting toy 2400
-------------------------------------
Mode is U
                      
Fit with BAT best fit value
****************************************
parameter b 3.48063e-05
 
Fit took : 1013 ms
 
Mode is U
                      
Fit with BAT best fit value
****************************************
parameter b 3.48057e-05
parameter T_{1/2}^{-1} 1.11022e-42
 
Fit took : 1113 ms
 
 
 
 
Fitting toy 2500
-------------------------------------
Mode is U
                      
Fit with BAT best fit value
****************************************
parameter b 4.53995e-05
 
Fit took : 1006 ms
 
Mode is U
                      
Fit with BAT best fit value
****************************************
parameter b 4.27673e-05
parameter T_{1/2}^{-1} 2.30828e-28
 
Fit took : 926 ms
 
 
 
 
Fitting toy 2600
-------------------------------------
Mode is U
                      
Fit with BAT best fit value
****************************************
parameter b 3.93462e-05
 
Fit took : 1099 ms
 
Mode is U
                      
Fit with BAT best fit value
****************************************
parameter b 3.92924e-05
parameter T_{1/2}^{-1} 4.71243e-30
 
Fit took : 945 ms
 
 
 
 
Fitting toy 2700
-------------------------------------
Mode is U
                      
Fit with BAT best fit value
****************************************
parameter b 3.78329e-05
 
Fit took : 781 ms
 
Mode is U
                      
Fit with BAT best fit value
****************************************
parameter b 3.54202e-05
parameter T_{1/2}^{-1} 2.11026e-28
 
Fit took : 1324 ms
 
 
 
 
Fitting toy 2800
-------------------------------------
Mode is U
                      
Fit with BAT best fit value
****************************************
parameter b 3.3293e-05
 
Fit took : 763 ms
 
Mode is U
                      
Fit with BAT best fit value
****************************************
parameter b 3.27729e-05
parameter T_{1/2}^{-1} 4.54093e-29
 
Fit took : 993 ms
 
 
 
 
Fitting toy 2900
-------------------------------------
Mode is U
                      
Fit with BAT best fit value
****************************************
parameter b 5.29661e-05
 
Fit took : 1370 ms
 
Mode is U
                      
Fit with BAT best fit value
****************************************
parameter b 5.29651e-05
parameter T_{1/2}^{-1} 7.04481e-38
 
Fit took : 1532 ms
 
 
 
 
Fitting toy 3000
-------------------------------------
Mode is U
                      
Fit with BAT best fit value
****************************************
parameter b 4.08596e-05
 
Fit took : 1165 ms
 
Mode is U
                      
Fit with BAT best fit value
****************************************
parameter b 4.08593e-05
parameter T_{1/2}^{-1} 6.10623e-42
 
Fit took : 1374 ms
 
 
 
 
Fitting toy 3100
-------------------------------------
Mode is U
                      
Fit with BAT best fit value
****************************************
parameter b 3.48063e-05
 
Fit took : 1060 ms
 
Mode is U
                      
Fit with BAT best fit value
****************************************
parameter b 3.48048e-05
parameter T_{1/2}^{-1} 3.38515e-33
 
Fit took : 1355 ms
 
 
 
 
Fitting toy 3200
-------------------------------------
Mode is U
                      
Fit with BAT best fit value
****************************************
parameter b 5.59927e-05
 
Fit took : 1063 ms
 
Mode is U
                      
Fit with BAT best fit value
****************************************
parameter b 5.26201e-05
parameter T_{1/2}^{-1} 2.95882e-28
 
Fit took : 1513 ms
 
 
 
 
Fitting toy 3300
-------------------------------------
Mode is U
                      
Fit with BAT best fit value
****************************************
parameter b 2.8753e-05
 
Fit took : 858 ms
 
Mode is U
                      
Fit with BAT best fit value
****************************************
parameter b 2.87529e-05
parameter T_{1/2}^{-1} 4.996e-42
 
Fit took : 915 ms
 
 
 
 
Fitting toy 3400
-------------------------------------
Mode is U
                      
Fit with BAT best fit value
****************************************
parameter b 4.99395e-05
 
Fit took : 1034 ms
 
Mode is U
                      
Fit with BAT best fit value
****************************************
parameter b 4.99381e-05
parameter T_{1/2}^{-1} 6.74028e-38
 
Fit took : 1615 ms
 
 
 
 
Fitting toy 3500
-------------------------------------
Mode is U
                      
Fit with BAT best fit value
****************************************
parameter b 4.38862e-05
 
Fit took : 900 ms
 
Mode is U
                      
Fit with BAT best fit value
****************************************
parameter b 4.38861e-05
parameter T_{1/2}^{-1} 0
 
Fit took : 1036 ms
 
 
 
 
Fitting toy 3600
-------------------------------------
Mode is U
                      
Fit with BAT best fit value
****************************************
parameter b 4.99395e-05
 
Fit took : 947 ms
 
Mode is U
                      
Fit with BAT best fit value
****************************************
parameter b 4.89856e-05
parameter T_{1/2}^{-1} 8.38484e-29
 
Fit took : 1477 ms
 
 
 
 
Fitting toy 3700
-------------------------------------
Mode is U
                      
Fit with BAT best fit value
****************************************
parameter b 3.02663e-05
 
Fit took : 949 ms
 
Mode is U
                      
Fit with BAT best fit value
****************************************
parameter b 3.02648e-05
parameter T_{1/2}^{-1} 0
 
Fit took : 750 ms
 
 
 
 
Fitting toy 3800
-------------------------------------
Mode is U
                      
Fit with BAT best fit value
****************************************
parameter b 4.38862e-05
 
Fit took : 1063 ms
 
Mode is U
                      
Fit with BAT best fit value
****************************************
parameter b 4.38856e-05
parameter T_{1/2}^{-1} 5.55112e-43
 
Fit took : 1345 ms
 
 
 
 
Fitting toy 3900
-------------------------------------
Mode is U
                      
Fit with BAT best fit value
****************************************
parameter b 4.08596e-05
 
Fit took : 814 ms
 
Mode is U
                      
Fit with BAT best fit value
****************************************
parameter b 4.0859e-05
parameter T_{1/2}^{-1} 3.89522e-39
 
Fit took : 1028 ms
 
 
 
 
Fitting toy 4000
-------------------------------------
Mode is U
                      
Fit with BAT best fit value
****************************************
parameter b 5.29661e-05
 
Fit took : 905 ms
 
Mode is U
                      
Fit with BAT best fit value
****************************************
parameter b 5.22122e-05
parameter T_{1/2}^{-1} 6.60321e-29
 
Fit took : 1198 ms
 
 
 
 
Fitting toy 4100
-------------------------------------
Mode is U
                      
Fit with BAT best fit value
****************************************
parameter b 4.99395e-05
 
Fit took : 1237 ms
 
Mode is U
                      
Fit with BAT best fit value
****************************************
parameter b 4.99392e-05
parameter T_{1/2}^{-1} 1.11022e-42
 
Fit took : 1279 ms
 
 
 
 
Fitting toy 4200
-------------------------------------
Mode is U
                      
Fit with BAT best fit value
****************************************
parameter b 3.78329e-05
 
Fit took : 1009 ms
 
Mode is U
                      
Fit with BAT best fit value
****************************************
parameter b 3.77734e-05
parameter T_{1/2}^{-1} 5.41554e-30
 
Fit took : 1205 ms
 
 
 
 
Fitting toy 4300
-------------------------------------
Mode is U
                      
Fit with BAT best fit value
****************************************
parameter b 4.38862e-05
 
Fit took : 950 ms
 
Mode is U
                      
Fit with BAT best fit value
****************************************
parameter b 4.38861e-05
parameter T_{1/2}^{-1} 0
 
Fit took : 1170 ms
 
 
 
 
Fitting toy 4400
-------------------------------------
Mode is U
                      
Fit with BAT best fit value
****************************************
parameter b 4.23729e-05
 
Fit took : 872 ms
 
Mode is U
                      
Fit with BAT best fit value
****************************************
parameter b 4.18017e-05
parameter T_{1/2}^{-1} 5.00201e-29
 
Fit took : 1032 ms
 
 
 
 
Fitting toy 4500
-------------------------------------
Mode is U
                      
Fit with BAT best fit value
****************************************
parameter b 4.23729e-05
 
Fit took : 1122 ms
 
Mode is U
                      
Fit with BAT best fit value
****************************************
parameter b 4.07491e-05
parameter T_{1/2}^{-1} 1.42314e-28
 
Fit took : 1519 ms
 
 
 
 
Fitting toy 4600
-------------------------------------
Mode is U
                      
Fit with BAT best fit value
****************************************
parameter b 3.78329e-05
 
Fit took : 1036 ms
 
Mode is U
                      
Fit with BAT best fit value
****************************************
parameter b 3.38143e-05
parameter T_{1/2}^{-1} 3.52013e-28
 
Fit took : 1110 ms
 
 
 
 
Fitting toy 4700
-------------------------------------
Mode is U
                      
Fit with BAT best fit value
****************************************
parameter b 4.99395e-05
 
Fit took : 1363 ms
 
Mode is U
                      
Fit with BAT best fit value
****************************************
parameter b 4.84753e-05
parameter T_{1/2}^{-1} 1.28245e-28
 
Fit took : 1599 ms
 
 
 
 
Fitting toy 4800
-------------------------------------
Mode is U
                      
Fit with BAT best fit value
****************************************
parameter b 6.35593e-05
 
Fit took : 1477 ms
 
Mode is U
                      
Fit with BAT best fit value
****************************************
parameter b 6.35606e-05
parameter T_{1/2}^{-1} 1.66988e-35
 
Fit took : 1798 ms
 
 
 
 
Fitting toy 4900
-------------------------------------
Mode is U
                      
Fit with BAT best fit value
****************************************
parameter b 4.53995e-05
 
Fit took : 1262 ms
 
Mode is U
                      
Fit with BAT best fit value
****************************************
parameter b 4.53996e-05
parameter T_{1/2}^{-1} 4.588e-39
 
Fit took : 1359 ms
 
 
 
 
Fitting toy 5000
-------------------------------------
Mode is U
                      
Fit with BAT best fit value
****************************************
parameter b 2.26998e-05
 
Fit took : 577 ms
 
Mode is U
                      
Fit with BAT best fit value
****************************************
parameter b 2.26998e-05
parameter T_{1/2}^{-1} 7.36941e-37
 
Fit took : 1007 ms
 
 
 
 
Fitting toy 5100
-------------------------------------
Mode is U
                      
Fit with BAT best fit value
****************************************
parameter b 4.38862e-05
 
Fit took : 1001 ms
 
Mode is U
                      
Fit with BAT best fit value
****************************************
parameter b 4.05147e-05
parameter T_{1/2}^{-1} 2.95015e-28
 
Fit took : 1298 ms
 
 
 
 
Fitting toy 5200
-------------------------------------
Mode is U
                      
Fit with BAT best fit value
****************************************
parameter b 4.08596e-05
 
Fit took : 815 ms
 
Mode is U
                      
Fit with BAT best fit value
****************************************
parameter b 3.97877e-05
parameter T_{1/2}^{-1} 9.39878e-29
 
Fit took : 1356 ms
 
 
 
 
Fitting toy 5300
-------------------------------------
Mode is U
                      
Fit with BAT best fit value
****************************************
parameter b 3.93462e-05
 
Fit took : 1026 ms
 
Mode is U
                      
Fit with BAT best fit value
****************************************
parameter b 3.30543e-05
parameter T_{1/2}^{-1} 5.51013e-28
 
Fit took : 1264 ms
 
 
 
 
Fitting toy 5400
-------------------------------------
Mode is U
                      
Fit with BAT best fit value
****************************************
parameter b 3.48063e-05
 
Fit took : 850 ms
 
Mode is U
                      
Fit with BAT best fit value
****************************************
parameter b 3.41364e-05
parameter T_{1/2}^{-1} 5.85228e-29
 
Fit took : 806 ms
 
 
 
 
Fitting toy 5500
-------------------------------------
Mode is U
                      
Fit with BAT best fit value
****************************************
parameter b 5.75061e-05
 
Fit took : 1114 ms
 
Mode is U
                      
Fit with BAT best fit value
****************************************
parameter b 5.58293e-05
parameter T_{1/2}^{-1} 1.46876e-28
 
Fit took : 1263 ms
 
 
 
 
Fitting toy 5600
-------------------------------------
Mode is U
                      
Fit with BAT best fit value
****************************************
parameter b 4.53995e-05
 
Fit took : 1131 ms
 
Mode is U
                      
Fit with BAT best fit value
****************************************
parameter b 4.53989e-05
parameter T_{1/2}^{-1} 3.88578e-42
 
Fit took : 1308 ms
 
 
 
 
Fitting toy 5700
-------------------------------------
Mode is U
                      
Fit with BAT best fit value
****************************************
parameter b 4.53995e-05
 
Fit took : 1043 ms
 
Mode is U
                      
Fit with BAT best fit value
****************************************
parameter b 4.53995e-05
parameter T_{1/2}^{-1} 5.65659e-40
 
Fit took : 1076 ms
 
 
 
 
Fitting toy 5800
-------------------------------------
Mode is U
                      
Fit with BAT best fit value
****************************************
parameter b 4.38862e-05
 
Fit took : 714 ms
 
Mode is U
                      
Fit with BAT best fit value
****************************************
parameter b 4.3886e-05
parameter T_{1/2}^{-1} 1.61482e-39
 
Fit took : 1348 ms
 
 
 
 
Fitting toy 5900
-------------------------------------
Mode is U
                      
Fit with BAT best fit value
****************************************
parameter b 4.53995e-05
 
Fit took : 825 ms
 
Mode is U
                      
Fit with BAT best fit value
****************************************
parameter b 4.43877e-05
parameter T_{1/2}^{-1} 8.86285e-29
 
Fit took : 1111 ms
 
 
 
 
Fitting toy 6000
-------------------------------------
Mode is U
                      
Fit with BAT best fit value
****************************************
parameter b 4.38862e-05
 
Fit took : 878 ms
 
Mode is U
                      
Fit with BAT best fit value
****************************************
parameter b 4.35886e-05
parameter T_{1/2}^{-1} 2.60202e-29
 
Fit took : 1178 ms
 
 
 
 
Fitting toy 6100
-------------------------------------
Mode is U
                      
Fit with BAT best fit value
****************************************
parameter b 4.38862e-05
 
Fit took : 913 ms
 
Mode is U
                      
Fit with BAT best fit value
****************************************
parameter b 4.38846e-05
parameter T_{1/2}^{-1} 1.40239e-31
 
Fit took : 985 ms
 
 
 
 
Fitting toy 6200
-------------------------------------
Mode is U
                      
Fit with BAT best fit value
****************************************
parameter b 4.08596e-05
 
Fit took : 744 ms
 
Mode is U
                      
Fit with BAT best fit value
****************************************
parameter b 3.95089e-05
parameter T_{1/2}^{-1} 1.18318e-28
 
Fit took : 1018 ms
 
 
 
 
Fitting toy 6300
-------------------------------------
Mode is U
                      
Fit with BAT best fit value
****************************************
parameter b 4.23729e-05
 
Fit took : 819 ms
 
Mode is U
                      
Fit with BAT best fit value
****************************************
parameter b 3.55945e-05
parameter T_{1/2}^{-1} 5.93931e-28
 
Fit took : 1025 ms
 
 
 
 
Fitting toy 6400
-------------------------------------
Mode is U
                      
Fit with BAT best fit value
****************************************
parameter b 2.72397e-05
 
Fit took : 587 ms
 
Mode is U
                      
Fit with BAT best fit value
****************************************
parameter b 2.72397e-05
parameter T_{1/2}^{-1} 4.44089e-42
 
Fit took : 836 ms
 
 
 
 
Fitting toy 6500
-------------------------------------
Mode is U
                      
Fit with BAT best fit value
****************************************
parameter b 4.08596e-05
 
Fit took : 646 ms
 
Mode is U
                      
Fit with BAT best fit value
****************************************
parameter b 4.08593e-05
parameter T_{1/2}^{-1} 1.35624e-37
 
Fit took : 965 ms
 
 
 
 
Fitting toy 6600
-------------------------------------
Mode is U
                      
Fit with BAT best fit value
****************************************
parameter b 4.69128e-05
 
Fit took : 968 ms
 
Mode is U
                      
Fit with BAT best fit value
****************************************
parameter b 4.62881e-05
parameter T_{1/2}^{-1} 5.47323e-29
 
Fit took : 1285 ms
 
 
 
 
Fitting toy 6700
-------------------------------------
Mode is U
                      
Fit with BAT best fit value
****************************************
parameter b 3.63196e-05
 
Fit took : 797 ms
 
Mode is U
                      
Fit with BAT best fit value
****************************************
parameter b 3.63184e-05
parameter T_{1/2}^{-1} 2.51982e-37
 
Fit took : 1205 ms
 
 
 
 
Fitting toy 6800
-------------------------------------
Mode is U
                      
Fit with BAT best fit value
****************************************
parameter b 4.38862e-05
 
Fit took : 1073 ms
 
Mode is U
                      
Fit with BAT best fit value
****************************************
parameter b 4.00689e-05
parameter T_{1/2}^{-1} 3.34549e-28
 
Fit took : 928 ms
 
 
 
 
Fitting toy 6900
-------------------------------------
Mode is U
                      
Fit with BAT best fit value
****************************************
parameter b 3.78329e-05
 
Fit took : 667 ms
 
Mode is U
                      
Fit with BAT best fit value
****************************************
parameter b 3.78342e-05
parameter T_{1/2}^{-1} 1.34504e-34
 
Fit took : 846 ms
 
 
 
 
Fitting toy 7000
-------------------------------------
Mode is U
                      
Fit with BAT best fit value
****************************************
parameter b 3.48063e-05
 
Fit took : 718 ms
 
Mode is U
                      
Fit with BAT best fit value
****************************************
parameter b 3.37651e-05
parameter T_{1/2}^{-1} 9.12061e-29
 
Fit took : 1107 ms
 
 
 
 
Fitting toy 7100
-------------------------------------
Mode is U
                      
Fit with BAT best fit value
****************************************
parameter b 4.08596e-05
 
Fit took : 847 ms
 
Mode is U
                      
Fit with BAT best fit value
****************************************
parameter b 4.04842e-05
parameter T_{1/2}^{-1} 3.29615e-29
 
Fit took : 975 ms
 
 
 
 
Fitting toy 7200
-------------------------------------
Mode is U
                      
Fit with BAT best fit value
****************************************
parameter b 3.93462e-05
 
Fit took : 873 ms
 
Mode is U
                      
Fit with BAT best fit value
****************************************
parameter b 3.79604e-05
parameter T_{1/2}^{-1} 1.21257e-28
 
Fit took : 956 ms
 
 
 
 
Fitting toy 7300
-------------------------------------
Mode is U
                      
Fit with BAT best fit value
****************************************
parameter b 4.99395e-05
 
Fit took : 1270 ms
 
Mode is U
                      
Fit with BAT best fit value
****************************************
parameter b 4.83728e-05
parameter T_{1/2}^{-1} 1.37306e-28
 
Fit took : 1354 ms
 
 
 
 
Fitting toy 7400
-------------------------------------
Mode is U
                      
Fit with BAT best fit value
****************************************
parameter b 5.14528e-05
 
Fit took : 916 ms
 
Mode is U
                      
Fit with BAT best fit value
****************************************
parameter b 5.14519e-05
parameter T_{1/2}^{-1} 0
 
Fit took : 1201 ms
 
 
 
 
Fitting toy 7500
-------------------------------------
Mode is U
                      
Fit with BAT best fit value
****************************************
parameter b 4.08596e-05
 
Fit took : 817 ms
 
Mode is U
                      
Fit with BAT best fit value
****************************************
parameter b 4.08574e-05
parameter T_{1/2}^{-1} 7.25114e-35
 
Fit took : 1075 ms
 
 
 
 
Fitting toy 7600
-------------------------------------
Mode is U
                      
Fit with BAT best fit value
****************************************
parameter b 2.8753e-05
 
Fit took : 776 ms
 
Mode is U
                      
Fit with BAT best fit value
****************************************
parameter b 2.87524e-05
parameter T_{1/2}^{-1} 6.95444e-39
 
Fit took : 789 ms
 
 
 
 
Fitting toy 7700
-------------------------------------
Mode is U
                      
Fit with BAT best fit value
****************************************
parameter b 4.53995e-05
 
Fit took : 861 ms
 
Mode is U
                      
Fit with BAT best fit value
****************************************
parameter b 4.53975e-05
parameter T_{1/2}^{-1} 3.16704e-35
 
Fit took : 1053 ms
 
 
 
 
Fitting toy 7800
-------------------------------------
Mode is U
                      
Fit with BAT best fit value
****************************************
parameter b 3.48063e-05
 
Fit took : 734 ms
 
Mode is U
                      
Fit with BAT best fit value
****************************************
parameter b 3.33759e-05
parameter T_{1/2}^{-1} 1.25305e-28
 
Fit took : 1086 ms
 
 
 
 
Fitting toy 7900
-------------------------------------
Mode is U
                      
Fit with BAT best fit value
****************************************
parameter b 4.23729e-05
 
Fit took : 890 ms
 
Mode is U
                      
Fit with BAT best fit value
****************************************
parameter b 4.23697e-05
parameter T_{1/2}^{-1} 1.13859e-35
 
Fit took : 1083 ms
 
 
 
 
Fitting toy 8000
-------------------------------------
Mode is U
                      
Fit with BAT best fit value
****************************************
parameter b 4.23729e-05
 
Fit took : 926 ms
 
Mode is U
                      
Fit with BAT best fit value
****************************************
parameter b 4.23714e-05
parameter T_{1/2}^{-1} 3.66079e-37
 
Fit took : 1072 ms
 
 
 
 
Fitting toy 8100
-------------------------------------
Mode is U
                      
Fit with BAT best fit value
****************************************
parameter b 4.23729e-05
 
Fit took : 916 ms
 
Mode is U
                      
Fit with BAT best fit value
****************************************
parameter b 4.13439e-05
parameter T_{1/2}^{-1} 9.00814e-29
 
Fit took : 1239 ms
 
 
 
 
Fitting toy 8200
-------------------------------------
Mode is U
                      
Fit with BAT best fit value
****************************************
parameter b 3.3293e-05
 
Fit took : 760 ms
 
Mode is U
                      
Fit with BAT best fit value
****************************************
parameter b 3.22189e-05
parameter T_{1/2}^{-1} 9.40807e-29
 
Fit took : 858 ms
 
 
 
 
Fitting toy 8300
-------------------------------------
Mode is U
                      
Fit with BAT best fit value
****************************************
parameter b 4.99395e-05
 
Fit took : 792 ms
 
Mode is U
                      
Fit with BAT best fit value
****************************************
parameter b 4.99391e-05
parameter T_{1/2}^{-1} 1.80966e-40
 
Fit took : 1020 ms
 
 
 
 
Fitting toy 8400
-------------------------------------
Mode is U
                      
Fit with BAT best fit value
****************************************
parameter b 3.48063e-05
 
Fit took : 729 ms
 
Mode is U
                      
Fit with BAT best fit value
****************************************
parameter b 3.48063e-05
parameter T_{1/2}^{-1} 1.30451e-40
 
Fit took : 872 ms
 
 
 
 
Fitting toy 8500
-------------------------------------
Mode is U
                      
Fit with BAT best fit value
****************************************
parameter b 4.08596e-05
 
Fit took : 982 ms
 
Mode is U
                      
Fit with BAT best fit value
****************************************
parameter b 3.91298e-05
parameter T_{1/2}^{-1} 1.5156e-28
 
Fit took : 928 ms
 
 
 
 
Fitting toy 8600
-------------------------------------
Mode is U
                      
Fit with BAT best fit value
****************************************
parameter b 4.69128e-05
 
Fit took : 1041 ms
 
Mode is U
                      
Fit with BAT best fit value
****************************************
parameter b 4.69123e-05
parameter T_{1/2}^{-1} 2.72005e-41
 
Fit took : 970 ms
 
 
 
 
Fitting toy 8700
-------------------------------------
Mode is U
                      
Fit with BAT best fit value
****************************************
parameter b 6.2046e-05
 
Fit took : 1245 ms
 
Mode is U
                      
Fit with BAT best fit value
****************************************
parameter b 5.70417e-05
parameter T_{1/2}^{-1} 4.38526e-28
 
Fit took : 1163 ms
 
 
 
 
Fitting toy 8800
-------------------------------------
Mode is U
                      
Fit with BAT best fit value
****************************************
parameter b 5.29661e-05
 
Fit took : 1082 ms
 
Mode is U
                      
Fit with BAT best fit value
****************************************
parameter b 5.20442e-05
parameter T_{1/2}^{-1} 8.08925e-29
 
Fit took : 1314 ms
 
 
 
 
Fitting toy 8900
-------------------------------------
Mode is U
                      
Fit with BAT best fit value
****************************************
parameter b 4.53995e-05
 
Fit took : 1077 ms
 
Mode is U
                      
Fit with BAT best fit value
****************************************
parameter b 4.53991e-05
parameter T_{1/2}^{-1} 1.31006e-40
 
Fit took : 1334 ms
 
 
 
 
Fitting toy 9000
-------------------------------------
Mode is U
                      
Fit with BAT best fit value
****************************************
parameter b 4.23729e-05
 
Fit took : 688 ms
 
Mode is U
                      
Fit with BAT best fit value
****************************************
parameter b 3.85728e-05
parameter T_{1/2}^{-1} 3.32435e-28
 
Fit took : 1059 ms
 
 
 
 
Fitting toy 9100
-------------------------------------
Mode is U
                      
Fit with BAT best fit value
****************************************
parameter b 4.38862e-05
 
Fit took : 1029 ms
 
Mode is U
                      
Fit with BAT best fit value
****************************************
parameter b 4.38415e-05
parameter T_{1/2}^{-1} 3.82998e-30
 
Fit took : 1325 ms
 
 
 
 
Fitting toy 9200
-------------------------------------
Mode is U
                      
Fit with BAT best fit value
****************************************
parameter b 4.08596e-05
 
Fit took : 984 ms
 
Mode is U
                      
Fit with BAT best fit value
****************************************
parameter b 3.95052e-05
parameter T_{1/2}^{-1} 1.18492e-28
 
Fit took : 1123 ms
 
 
 
 
Fitting toy 9300
-------------------------------------
Mode is U
                      
Fit with BAT best fit value
****************************************
parameter b 4.53995e-05
 
Fit took : 1155 ms
 
Mode is U
                      
Fit with BAT best fit value
****************************************
parameter b 4.5399e-05
parameter T_{1/2}^{-1} 7.27385e-38
 
Fit took : 1129 ms
 
 
 
 
Fitting toy 9400
-------------------------------------
Mode is U
                      
Fit with BAT best fit value
****************************************
parameter b 4.08596e-05
 
Fit took : 806 ms
 
Mode is U
                      
Fit with BAT best fit value
****************************************
parameter b 3.81446e-05
parameter T_{1/2}^{-1} 2.38155e-28
 
Fit took : 820 ms
 
 
 
 
Fitting toy 9500
-------------------------------------
Mode is U
                      
Fit with BAT best fit value
****************************************
parameter b 4.38862e-05
 
Fit took : 873 ms
 
Mode is U
                      
Fit with BAT best fit value
****************************************
parameter b 4.38856e-05
parameter T_{1/2}^{-1} 3.59712e-40
 
Fit took : 1031 ms
 
 
 
 
Fitting toy 9600
-------------------------------------
Mode is U
                      
Fit with BAT best fit value
****************************************
parameter b 5.29661e-05
 
Fit took : 1147 ms
 
Mode is U
                      
Fit with BAT best fit value
****************************************
parameter b 5.17255e-05
parameter T_{1/2}^{-1} 1.08737e-28
 
Fit took : 1379 ms
 
 
 
 
Fitting toy 9700
-------------------------------------
Mode is U
                      
Fit with BAT best fit value
****************************************
parameter b 4.69128e-05
 
Fit took : 1180 ms
 
Mode is U
                      
Fit with BAT best fit value
****************************************
parameter b 4.5751e-05
parameter T_{1/2}^{-1} 1.01816e-28
 
Fit took : 1103 ms
 
 
 
 
Fitting toy 9800
-------------------------------------
Mode is U
                      
Fit with BAT best fit value
****************************************
parameter b 4.38862e-05
 
Fit took : 777 ms
 
Mode is U
                      
Fit with BAT best fit value
****************************************
parameter b 4.38865e-05
parameter T_{1/2}^{-1} 1.11332e-36
 
Fit took : 1248 ms
 
 
 
 
Fitting toy 9900
-------------------------------------
Mode is U
                      
Fit with BAT best fit value
****************************************
parameter b 3.02663e-05
 
Fit took : 702 ms
 
Mode is U
                      
Fit with BAT best fit value
****************************************
parameter b 2.55741e-05
parameter T_{1/2}^{-1} 4.10895e-28
 
Fit took : 933 ms
 
