F
RUNNING FIT WITH RANGE: 2960 ' 3100
***************************************************
RUNNING FIT WITH RANGE: 2960 ' 3100
***************************************************
RUNNING FIT WITH RANGE: 2960 ' 3100
***************************************************
Making fit 0 with 0
**************************************
 
making fit to toy with INF with S+B model
Mode is U
                      
Fit with BAT best fit value
****************************************
parameter b 0.000109786
parameter s -8.78591e-07
parameter n1 0.00029586
parameter n2 8.37359e-05
parameter n3 4.02887e-05
parameter n4 2.57346e-13
parameter T_{1/2}^{-1} 2.52319e-28
 
Fit took : 13 ms
 
 
making fit to toy with INF with B model
Mode is U
                      
Fit with BAT best fit value
****************************************
parameter b 0.000113531
parameter s -9.16604e-07
parameter n1 0.000285299
parameter n2 7.65728e-05
parameter n3 3.53753e-05
parameter n4 1.56658e-13
 
Fit took : 12 ms
 
 
making fit to toy with INF with S fixed model
Mode is U
                      
Fit with BAT best fit value
****************************************
parameter b 0.000113532
parameter s -9.16816e-07
parameter n1 0.000285237
parameter n2 7.65823e-05
parameter n3 3.53213e-05
parameter n4 3.17388e-14
 
Fit took : 4 ms
 
t0 = 0.726884
maxlogL = -403.577 maxlogL(S= 0 ) = -403.941 maxlogL(S= 0 ) = -403.941
test stat (S) = 0.726883
t0            = 0.726884
 
 
 
 +------------------------------------------------------+
 |                                                      |
 | BAT version 1.0.0                                    |
 | Copyright (C) 2007-2018, the BAT core developer team |
 | All rights reserved.                                 |
 |                                                      |
 | For the licensing terms see doc/COPYING              |
 | For documentation see http://mpp.mpg.de/bat          |
 | Please cite: DOI 10.1016/j.cpc.2009.06.026           |
 |              http://arxiv.org/abs/0808.2552          |
 |                                                      |
 +------------------------------------------------------+

