F
RUNNING FIT WITH RANGE: 2960 ' 3100
***************************************************
RUNNING FIT WITH RANGE: 2960 ' 3100
***************************************************
RUNNING FIT WITH RANGE: 2960 ' 3100
***************************************************
Making fit 0 with 0
**************************************
 
making fit to toy with INF with S+B model
Mode is U
                      
Fit with BAT best fit value
****************************************
parameter b 3.72385e-05
parameter s -3.96022e-06
parameter n1 1.00465e-11
parameter n2 1.34608e-12
parameter n3 0.000324224
parameter n4 1.07229e-13
parameter T_{1/2}^{-1} -9.95582e-29
 
Fit took : 3 ms
 
 
making fit to toy with INF with B model
Mode is U
                      
Fit with BAT best fit value
****************************************
parameter b 3.61327e-05
parameter s -3.8811e-06
parameter n1 8.88314e-12
parameter n2 1.29905e-13
parameter n3 0.000323445
parameter n4 8.63101e-15
 
Fit took : 1 ms
 
 
making fit to toy with INF with S fixed model
Mode is U
                      
Fit with BAT best fit value
****************************************
parameter b 3.61329e-05
parameter s -3.88116e-06
parameter n1 3.61233e-11
parameter n2 3.52604e-12
parameter n3 0.000323455
parameter n4 3.28737e-16
 
Fit took : 7 ms
 
t0 = -0
maxlogL = -120.699 maxlogL(S= 0 ) = -120.699 maxlogL(S= 0 ) = -120.699
test stat (S) = 8.25579e-08
t0            = -0
 
 
 
 +------------------------------------------------------+
 |                                                      |
 | BAT version 1.0.0                                    |
 | Copyright (C) 2007-2018, the BAT core developer team |
 | All rights reserved.                                 |
 |                                                      |
 | For the licensing terms see doc/COPYING              |
 | For documentation see http://mpp.mpg.de/bat          |
 | Please cite: DOI 10.1016/j.cpc.2009.06.026           |
 |              http://arxiv.org/abs/0808.2552          |
 |                                                      |
 +------------------------------------------------------+

