F
RUNNING FIT WITH RANGE: 2960 ' 3100
***************************************************
RUNNING FIT WITH RANGE: 2960 ' 3100
***************************************************
RUNNING FIT WITH RANGE: 2960 ' 3100
***************************************************
Making fit 0 with 0
**************************************
 
making fit to toy with INF with S+B model
Mode is U
                      
Fit with BAT best fit value
****************************************
parameter b 3.63441e-05
parameter T_{1/2}^{-1} 2.62978e-28
 
Fit took : 0 ms
 
 
making fit to toy with INF with B model
Mode is U
                      
Fit with BAT best fit value
****************************************
parameter b 3.93474e-05
 
Fit took : 0 ms
 
 
making fit to toy with INF with S fixed model
Mode is U
                      
Fit with BAT best fit value
****************************************
parameter b 3.93474e-05
 
Fit took : 0 ms
 
t0 = 1.92237
maxlogL = -115.248 maxlogL(S= 0 ) = -116.209 maxlogL(S= 0 ) = -116.209
test stat (S) = 1.92237
t0            = 1.92237
 
 
 
 +------------------------------------------------------+
 |                                                      |
 | BAT version 1.0.0                                    |
 | Copyright (C) 2007-2018, the BAT core developer team |
 | All rights reserved.                                 |
 |                                                      |
 | For the licensing terms see doc/COPYING              |
 | For documentation see http://mpp.mpg.de/bat          |
 | Please cite: DOI 10.1016/j.cpc.2009.06.026           |
 |              http://arxiv.org/abs/0808.2552          |
 |                                                      |
 +------------------------------------------------------+

Making fit 0 with 1e-28
**************************************
 
making fit to toy with 1.000000E+28 with S+B model
Mode is U
                      
Fit with BAT best fit value
****************************************
parameter b 0.001
parameter T_{1/2}^{-1} 2e-26
 
Fit took : 159 ms
 
 
making fit to toy with 1.000000E+28 with B model
Mode is U
                      
Fit with BAT best fit value
****************************************
parameter b 0.002
 
Fit took : 82 ms
 
 
making fit to toy with 1.000000E+28 with S fixed model
Mode is U
                      
Fit with BAT best fit value
****************************************
parameter b 0.002
 
Fit took : 113 ms
 
t0 = -196073
pb = 49.6758
maxlogL = -914181 maxlogL(S= 1e-28 ) = -816030 maxlogL(S= 0 ) = -816145
test stat (S) = -196302
t0            = -196073
 
 
 
