F
Info in <TCanvas::Print>: pdf file output/CUPID_sens_frequentist_baseline_simple_shape/toys_0_sig.pdf has been created using the current canvas
Info in <TCanvas::Print>: Current canvas added to pdf file output/CUPID_sens_frequentist_baseline_simple_shape/toys_0_sig.pdf
Info in <TCanvas::Print>: Current canvas added to pdf file output/CUPID_sens_frequentist_baseline_simple_shape/toys_0_sig.pdf and file closed
RUNNING FIT WITH RANGE: 2960 ' 3100
***************************************************
RUNNING FIT WITH RANGE: 2960 ' 3100
***************************************************
RUNNING FIT WITH RANGE: 2960 ' 3100
***************************************************
Making fit 0 with 0
**************************************
 
making fit to toy with INF with S+B model
Mode is U
                      
Fit with BAT best fit value
****************************************
parameter b 7.09809e-05
parameter T_{1/2}^{-1} -3.84881e-28
 
Fit took : 0 ms
 
 
making fit to toy with INF with B model
Mode is U
                      
Fit with BAT best fit value
****************************************
parameter b 6.65891e-05
 
Fit took : 0 ms
 
 
making fit to toy with INF with S fixed model
Mode is U
                      
Fit with BAT best fit value
****************************************
parameter b 6.65891e-05
 
Fit took : 0 ms
 
t0 = -0
maxlogL = -200.479 maxlogL(S= 0 ) = -200.479 maxlogL(S= 0 ) = -200.479
test stat (S) = -0
t0            = -0
 
 
 
 +------------------------------------------------------+
 |                                                      |
 | BAT version 1.0.0                                    |
 | Copyright (C) 2007-2018, the BAT core developer team |
 | All rights reserved.                                 |
 |                                                      |
 | For the licensing terms see doc/COPYING              |
 | For documentation see http://mpp.mpg.de/bat          |
 | Please cite: DOI 10.1016/j.cpc.2009.06.026           |
 |              http://arxiv.org/abs/0808.2552          |
 |                                                      |
 +------------------------------------------------------+

Making fit 0 with 1e-28
**************************************
 
making fit to toy with 1.000000E+28 with S+B model
Mode is U
                      
Fit with BAT best fit value
****************************************
parameter b 0.001
parameter T_{1/2}^{-1} 2e-26
 
Fit took : 1 ms
 
 
making fit to toy with 1.000000E+28 with B model
Mode is U
                      
Fit with BAT best fit value
****************************************
parameter b 0.002
 
Fit took : 0 ms
 
 
making fit to toy with 1.000000E+28 with S fixed model
Mode is U
                      
Fit with BAT best fit value
****************************************
parameter b 0.002
 
Fit took : 0 ms
 
t0 = -2329.16
pb = 1.16771
maxlogL = -2597.19 maxlogL(S= 1e-28 ) = -1431.37 maxlogL(S= 0 ) = -1432.61
test stat (S) = -2331.64
t0            = -2329.16
 
 
 
Making fit 0 with 2e-28
**************************************
 
making fit to toy with 5.000000E+27 with S+B model
Mode is U
                      
Fit with BAT best fit value
****************************************
parameter b 0.001
parameter T_{1/2}^{-1} 2e-26
 
Fit took : 3 ms
 
 
making fit to toy with 5.000000E+27 with B model
Mode is U
                      
Fit with BAT best fit value
****************************************
parameter b 0.002
 
Fit took : 1 ms
 
 
making fit to toy with 5.000000E+27 with S fixed model
Mode is U
                      
Fit with BAT best fit value
****************************************
parameter b 0.002
 
Fit took : 1 ms
 
t0 = -5647.78
pb = 3.72688
maxlogL = -8776.18 maxlogL(S= 2e-28 ) = -5946.02 maxlogL(S= 0 ) = -5952.3
test stat (S) = -5660.33
t0            = -5647.78
 
 
 
Making fit 0 with 3e-28
**************************************
 
making fit to toy with 3.333333E+27 with S+B model
Mode is U
                      
Fit with BAT best fit value
****************************************
parameter b 0.001
parameter T_{1/2}^{-1} 2e-26
 
Fit took : 16 ms
 
 
making fit to toy with 3.333333E+27 with B model
Mode is U
                      
Fit with BAT best fit value
****************************************
parameter b 0.002
 
Fit took : 10 ms
 
 
making fit to toy with 3.333333E+27 with S fixed model
Mode is U
                      
Fit with BAT best fit value
****************************************
parameter b 0.002
 
Fit took : 4 ms
 
t0 = -8963.25
pb = 4.91204
maxlogL = -16840.8 maxlogL(S= 3e-28 ) = -12343.8 maxlogL(S= 0 ) = -12359.1
test stat (S) = -8993.89
t0            = -8963.25
 
 
 
Making fit 0 with 4e-28
**************************************
 
making fit to toy with 2.500000E+27 with S+B model
Mode is U
                      
Fit with BAT best fit value
****************************************
parameter b 0.001
parameter T_{1/2}^{-1} 2e-26
 
Fit took : 7 ms
 
 
making fit to toy with 2.500000E+27 with B model
Mode is U
                      
Fit with BAT best fit value
****************************************
parameter b 0.002
 
Fit took : 3 ms
 
 
making fit to toy with 2.500000E+27 with S fixed model
Mode is U
                      
Fit with BAT best fit value
****************************************
parameter b 0.002
 
Fit took : 4 ms
 
t0 = -12166.9
pb = 4.65918
maxlogL = -25518.4 maxlogL(S= 4e-28 ) = -19407 maxlogL(S= 0 ) = -19434.9
test stat (S) = -12222.9
t0            = -12166.9
 
 
 
Making fit 0 with 5e-28
**************************************
 
making fit to toy with 2.000000E+27 with S+B model
Mode is U
                      
Fit with BAT best fit value
****************************************
parameter b 0.001
parameter T_{1/2}^{-1} 2e-26
 
Fit took : 9 ms
 
 
making fit to toy with 2.000000E+27 with B model
Mode is U
                      
Fit with BAT best fit value
****************************************
parameter b 0.002
 
Fit took : 4 ms
 
 
making fit to toy with 2.000000E+27 with S fixed model
Mode is U
                      
Fit with BAT best fit value
****************************************
parameter b 0.002
 
Fit took : 4 ms
 
t0 = -15491
pb = 2.82723
maxlogL = -35615.3 maxlogL(S= 5e-28 ) = -27825.2 maxlogL(S= 0 ) = -27869.8
test stat (S) = -15580.3
t0            = -15491
 
 
 
Making fit 0 with 6e-28
**************************************
 
making fit to toy with 1.666667E+27 with S+B model
Mode is U
                      
Fit with BAT best fit value
****************************************
parameter b 0.001
parameter T_{1/2}^{-1} 2e-26
 
Fit took : 10 ms
 
 
making fit to toy with 1.666667E+27 with B model
Mode is U
                      
Fit with BAT best fit value
****************************************
parameter b 0.002
 
Fit took : 5 ms
 
 
making fit to toy with 1.666667E+27 with S fixed model
Mode is U
                      
Fit with BAT best fit value
****************************************
parameter b 0.002
 
Fit took : 5 ms
 
t0 = -18748.2
pb = 1.03118
maxlogL = -45970.3 maxlogL(S= 6e-28 ) = -36531.5 maxlogL(S= 0 ) = -36596.2
test stat (S) = -18877.6
t0            = -18748.2
 
 
 
Making fit 0 with 7e-28
**************************************
 
making fit to toy with 1.428571E+27 with S+B model
Mode is U
                      
Fit with BAT best fit value
****************************************
parameter b 0.001
parameter T_{1/2}^{-1} 2e-26
 
Fit took : 31 ms
 
 
making fit to toy with 1.428571E+27 with B model
Mode is U
                      
Fit with BAT best fit value
****************************************
parameter b 0.002
 
Fit took : 6 ms
 
 
making fit to toy with 1.428571E+27 with S fixed model
Mode is U
                      
Fit with BAT best fit value
****************************************
parameter b 0.002
 
Fit took : 5 ms
 
t0 = -22083.8
pb = 3.38846
maxlogL = -57292.2 maxlogL(S= 7e-28 ) = -46161.1 maxlogL(S= 0 ) = -46250.3
test stat (S) = -22262.2
t0            = -22083.8
 
 
 
Making fit 0 with 8e-28
**************************************
 
making fit to toy with 1.250000E+27 with S+B model
Mode is U
                      
Fit with BAT best fit value
****************************************
parameter b 0.001
parameter T_{1/2}^{-1} 2e-26
 
Fit took : 13 ms
 
 
making fit to toy with 1.250000E+27 with B model
Mode is U
                      
Fit with BAT best fit value
****************************************
parameter b 0.002
 
Fit took : 6 ms
 
 
making fit to toy with 1.250000E+27 with S fixed model
Mode is U
                      
Fit with BAT best fit value
****************************************
parameter b 0.002
 
Fit took : 7 ms
 
t0 = -25363
pb = 3.77244
maxlogL = -68954 maxlogL(S= 8e-28 ) = -56154.7 maxlogL(S= 0 ) = -56272.5
test stat (S) = -25598.7
t0            = -25363
 
 
 
